<?xml version="1.0" encoding="UTF-8"?>
<!-- Generated by org.testng.reporters.JUnitReportReporter -->
<testsuite hostname="Nikhil" failures="0" tests="3" name="automation.tests.LoginTest" time="23.407" errors="0" timestamp="2025-07-04T18:17:13 IST" skipped="0">
  <testcase classname="automation.tests.LoginTest" name="invalidSignIn" time="6.314"/>
  <testcase classname="automation.tests.LoginTest" name="DirectSignIn" time="11.034"/>
  <testcase classname="automation.tests.LoginTest" name="onlyUsernameSignIn" time="6.059"/>
</testsuite> <!-- automation.tests.LoginTest -->
