<?xml version="1.0" encoding="UTF-8"?>
<!-- Generated by org.testng.reporters.JUnitReportReporter -->
<testsuite hostname="Nikhil" failures="0" tests="4" name="automation.tests.LoginTest" time="34.576" errors="0" timestamp="2025-07-05T17:13:39 IST" skipped="0">
  <testcase classname="automation.tests.LoginTest" name="ValidLogin" time="11.675"/>
  <testcase classname="automation.tests.LoginTest" name="onlyUsernameSignIn" time="9.362"/>
  <testcase classname="automation.tests.LoginTest" name="DirectSignIn" time="7.196"/>
  <testcase classname="automation.tests.LoginTest" name="invalidSignIn" time="6.343"/>
</testsuite> <!-- automation.tests.LoginTest -->
