<?xml version="1.0" encoding="UTF-8"?>
<!-- Generated by org.testng.reporters.JUnitReportReporter -->
<testsuite hostname="Nikhil" failures="0" tests="1" name="automation.tests.Login" time="9.523" errors="0" timestamp="2025-07-02T19:52:11 IST" skipped="0">
  <testcase classname="automation.tests.Login" name="test1" time="9.523"/>
</testsuite> <!-- automation.tests.Login -->
