<?xml version="1.0" encoding="UTF-8"?>
<!-- Generated by org.testng.reporters.JUnitReportReporter -->
<testsuite hostname="Nikhil" failures="0" tests="4" name="automation.tests.LoginTest" time="29.589" errors="0" timestamp="2025-07-06T18:39:29 IST" skipped="0">
  <testcase classname="automation.tests.LoginTest" name="onlyUsernameSignIn" time="5.765"/>
  <testcase classname="automation.tests.LoginTest" name="invalidSignIn" time="8.758"/>
  <testcase classname="automation.tests.LoginTest" name="DirectSignIn" time="6.685"/>
  <testcase classname="automation.tests.LoginTest" name="ValidLogin" time="8.381"/>
</testsuite> <!-- automation.tests.LoginTest -->
